<?xml version="1.0" encoding="UTF-8" ?>
<testsuite tests="15" failures="0" name="org.dbms_system.Common.CommonFunctionsTest" time="0.039" errors="0" skipped="0">
  <properties>
[...]
</properties>
  <testcase classname="org.dbms_system.Common.CommonFunctionsTest" name="testValidDeleteTableQuery" time="0.026"/>
  <testcase classname="org.dbms_system.Common.CommonFunctionsTest" name="testInValidInsertTableQuery" time="0.001"/>
  <testcase classname="org.dbms_system.Common.CommonFunctionsTest" name="testValidUpdateTableQuery" time="0"/>
  <testcase classname="org.dbms_system.Common.CommonFunctionsTest" name="testInValidSelectTableQuery" time="0"/>
  <testcase classname="org.dbms_system.Common.CommonFunctionsTest" name="testValidUseDatabaseQuery" time="0.009"/>
  <testcase classname="org.dbms_system.Common.CommonFunctionsTest" name="testAskForAccount" time="0.001"/>
  <testcase classname="org.dbms_system.Common.CommonFunctionsTest" name="testValidCreateDatabaseQuery" time="0"/>
  <testcase classname="org.dbms_system.Common.CommonFunctionsTest" name="testInValidCreateTableQuery" time="0.001"/>
  <testcase classname="org.dbms_system.Common.CommonFunctionsTest" name="testValidInsertTableQuery" time="0"/>
  <testcase classname="org.dbms_system.Common.CommonFunctionsTest" name="testValidSelectTableQuery" time="0"/>
  <testcase classname="org.dbms_system.Common.CommonFunctionsTest" name="testInvalidCreateDatabaseQuery" time="0"/>
  <testcase classname="org.dbms_system.Common.CommonFunctionsTest" name="testInValidDeleteTableQuery" time="0"/>
  <testcase classname="org.dbms_system.Common.CommonFunctionsTest" name="testInValidUseDatabaseQuery" time="0"/>
  <testcase classname="org.dbms_system.Common.CommonFunctionsTest" name="testValidCreateTableQuery" time="0.001"/>
  <testcase classname="org.dbms_system.Common.CommonFunctionsTest" name="testInValidUpdateTawbleQuery" time="0"/>
</testsuite>